# JRE version: Java(TM) SE Runtime Environment (8.0_181-b13) (build 1.8.0_181-b13)
# Java VM: Java HotSpot(TM) 64-Bit Server VM (25.181-b13 mixed mode windows-amd64 compressed oops)
Heap:
 PSYoungGen      total 3058176K, used 1929795K [0x00000006c0000000, 0x0000000795500000, 0x00000007c0000000)
  eden space 2621440K, 73% used [0x00000006c0000000,0x0000000735c90d28,0x0000000760000000)
  from space 436736K, 0% used [0x0000000760000000,0x0000000760000000,0x000000077aa80000)
  to   space 148480K, 0% used [0x000000078c400000,0x000000078c400000,0x0000000795500000)
 ParOldGen       total 6990848K, used 185257K [0x00000004c0000000, 0x000000066ab00000, 0x00000006c0000000)
  object space 6990848K, 2% used [0x00000004c0000000,0x00000004cb4ea720,0x000000066ab00000)
 Metaspace       used 137843K, capacity 141339K, committed 141584K, reserved 1173504K
  class space    used 17558K, capacity 18283K, committed 18448K, reserved 1048576K
GC Heap History (10 events):
Event: 84.671 GC heap before
{Heap before GC invocations=5 (full 2):
 PSYoungGen      total 3058176K, used 2621440K [0x00000006c0000000, 0x0000000795500000, 0x00000007c0000000)
  eden space 2621440K, 100% used [0x00000006c0000000,0x0000000760000000,0x0000000760000000)
  from space 436736K, 0% used [0x000000077aa80000,0x000000077aa80000,0x0000000795500000)
  to   space 436736K, 0% used [0x0000000760000000,0x0000000760000000,0x000000077aa80000)
 ParOldGen       total 6990848K, used 63690K [0x00000004c0000000, 0x000000066ab00000, 0x00000006c0000000)
  object space 6990848K, 0% used [0x00000004c0000000,0x00000004c3e32be8,0x000000066ab00000)
 Metaspace       used 51283K, capacity 52381K, committed 52496K, reserved 1095680K
  class space    used 5291K, capacity 5607K, committed 5648K, reserved 1048576K
Event: 84.987 GC heap after
Heap after GC invocations=5 (full 2):
 PSYoungGen      total 3058176K, used 169651K [0x00000006c0000000, 0x0000000795500000, 0x00000007c0000000)
  eden space 2621440K, 0% used [0x00000006c0000000,0x00000006c0000000,0x0000000760000000)
  from space 436736K, 38% used [0x0000000760000000,0x000000076a5acc80,0x000000077aa80000)
  to   space 436736K, 0% used [0x000000077aa80000,0x000000077aa80000,0x0000000795500000)
 ParOldGen       total 6990848K, used 63698K [0x00000004c0000000, 0x000000066ab00000, 0x00000006c0000000)
  object space 6990848K, 0% used [0x00000004c0000000,0x00000004c3e34be8,0x000000066ab00000)
 Metaspace       used 51283K, capacity 52381K, committed 52496K, reserved 1095680K
  class space    used 5291K, capacity 5607K, committed 5648K, reserved 1048576K
}
Event: 108.296 GC heap before
{Heap before GC invocations=6 (full 2):
 PSYoungGen      total 3058176K, used 1469957K [0x00000006c0000000, 0x0000000795500000, 0x00000007c0000000)
  eden space 2621440K, 49% used [0x00000006c0000000,0x000000070f5d48c0,0x0000000760000000)
  from space 436736K, 38% used [0x0000000760000000,0x000000076a5acc80,0x000000077aa80000)
  to   space 436736K, 0% used [0x000000077aa80000,0x000000077aa80000,0x0000000795500000)
 ParOldGen       total 6990848K, used 63698K [0x00000004c0000000, 0x000000066ab00000, 0x00000006c0000000)
  object space 6990848K, 0% used [0x00000004c0000000,0x00000004c3e34be8,0x000000066ab00000)
 Metaspace       used 57560K, capacity 59055K, committed 59152K, reserved 1101824K
  class space    used 6172K, capacity 6634K, committed 6672K, reserved 1048576K
Event: 108.513 GC heap after
Heap after GC invocations=6 (full 2):
 PSYoungGen      total 3058176K, used 95508K [0x00000006c0000000, 0x0000000795500000, 0x00000007c0000000)
  eden space 2621440K, 0% used [0x00000006c0000000,0x00000006c0000000,0x0000000760000000)
  from space 436736K, 21% used [0x000000077aa80000,0x00000007807c53e8,0x0000000795500000)
  to   space 436736K, 0% used [0x0000000760000000,0x0000000760000000,0x000000077aa80000)
 ParOldGen       total 6990848K, used 63714K [0x00000004c0000000, 0x000000066ab00000, 0x00000006c0000000)
  object space 6990848K, 0% used [0x00000004c0000000,0x00000004c3e38be8,0x000000066ab00000)
 Metaspace       used 57560K, capacity 59055K, committed 59152K, reserved 1101824K
  class space    used 6172K, capacity 6634K, committed 6672K, reserved 1048576K
}
Event: 108.513 GC heap before
{Heap before GC invocations=7 (full 3):
 PSYoungGen      total 3058176K, used 95508K [0x00000006c0000000, 0x0000000795500000, 0x00000007c0000000)
  eden space 2621440K, 0% used [0x00000006c0000000,0x00000006c0000000,0x0000000760000000)
  from space 436736K, 21% used [0x000000077aa80000,0x00000007807c53e8,0x0000000795500000)
  to   space 436736K, 0% used [0x0000000760000000,0x0000000760000000,0x000000077aa80000)
 ParOldGen       total 6990848K, used 63714K [0x00000004c0000000, 0x000000066ab00000, 0x00000006c0000000)
  object space 6990848K, 0% used [0x00000004c0000000,0x00000004c3e38be8,0x000000066ab00000)
 Metaspace       used 57560K, capacity 59055K, committed 59152K, reserved 1101824K
  class space    used 6172K, capacity 6634K, committed 6672K, reserved 1048576K
Event: 109.414 GC heap after
Heap after GC invocations=7 (full 3):
 PSYoungGen      total 3058176K, used 0K [0x00000006c0000000, 0x0000000795500000, 0x00000007c0000000)
  eden space 2621440K, 0% used [0x00000006c0000000,0x00000006c0000000,0x0000000760000000)
  from space 436736K, 0% used [0x000000077aa80000,0x000000077aa80000,0x0000000795500000)
  to   space 436736K, 0% used [0x0000000760000000,0x0000000760000000,0x000000077aa80000)
 ParOldGen       total 6990848K, used 144159K [0x00000004c0000000, 0x000000066ab00000, 0x00000006c0000000)
  object space 6990848K, 2% used [0x00000004c0000000,0x00000004c8cc7c40,0x000000066ab00000)
 Metaspace       used 53865K, capacity 55051K, committed 59152K, reserved 1101824K
  class space    used 5696K, capacity 6026K, committed 6672K, reserved 1048576K
}
Event: 134.187 GC heap before
{Heap before GC invocations=8 (full 3):
 PSYoungGen      total 3058176K, used 1841924K [0x00000006c0000000, 0x0000000795500000, 0x00000007c0000000)
  eden space 2621440K, 70% used [0x00000006c0000000,0x00000007306c12e0,0x0000000760000000)
  from space 436736K, 0% used [0x000000077aa80000,0x000000077aa80000,0x0000000795500000)
  to   space 436736K, 0% used [0x0000000760000000,0x0000000760000000,0x000000077aa80000)
 ParOldGen       total 6990848K, used 144159K [0x00000004c0000000, 0x000000066ab00000, 0x00000006c0000000)
  object space 6990848K, 2% used [0x00000004c0000000,0x00000004c8cc7c40,0x000000066ab00000)
 Metaspace       used 95927K, capacity 98441K, committed 98576K, reserved 1136640K
  class space    used 11701K, capacity 12245K, committed 12304K, reserved 1048576K
Event: 134.268 GC heap after
Heap after GC invocations=8 (full 3):
 PSYoungGen      total 3058176K, used 72815K [0x00000006c0000000, 0x0000000795500000, 0x00000007c0000000)
  eden space 2621440K, 0% used [0x00000006c0000000,0x00000006c0000000,0x0000000760000000)
  from space 436736K, 16% used [0x0000000760000000,0x000000076471bc00,0x000000077aa80000)
  to   space 148480K, 0% used [0x000000078c400000,0x000000078c400000,0x0000000795500000)
 ParOldGen       total 6990848K, used 144167K [0x00000004c0000000, 0x000000066ab00000, 0x00000006c0000000)
  object space 6990848K, 2% used [0x00000004c0000000,0x00000004c8cc9c40,0x000000066ab00000)
 Metaspace       used 95927K, capacity 98441K, committed 98576K, reserved 1136640K
  class space    used 11701K, capacity 12245K, committed 12304K, reserved 1048576K
}
Event: 134.268 GC heap before
{Heap before GC invocations=9 (full 4):
 PSYoungGen      total 3058176K, used 72815K [0x00000006c0000000, 0x0000000795500000, 0x00000007c0000000)
  eden space 2621440K, 0% used [0x00000006c0000000,0x00000006c0000000,0x0000000760000000)
  from space 436736K, 16% used [0x0000000760000000,0x000000076471bc00,0x000000077aa80000)
  to   space 148480K, 0% used [0x000000078c400000,0x000000078c400000,0x0000000795500000)
 ParOldGen       total 6990848K, used 144167K [0x00000004c0000000, 0x000000066ab00000, 0x00000006c0000000)
  object space 6990848K, 2% used [0x00000004c0000000,0x00000004c8cc9c40,0x000000066ab00000)
 Metaspace       used 95927K, capacity 98441K, committed 98576K, reserved 1136640K
  class space    used 11701K, capacity 12245K, committed 12304K, reserved 1048576K
Event: 134.717 GC heap after
Heap after GC invocations=9 (full 4):
 PSYoungGen      total 3058176K, used 0K [0x00000006c0000000, 0x0000000795500000, 0x00000007c0000000)
  eden space 2621440K, 0% used [0x00000006c0000000,0x00000006c0000000,0x0000000760000000)
  from space 436736K, 0% used [0x0000000760000000,0x0000000760000000,0x000000077aa80000)
  to   space 148480K, 0% used [0x000000078c400000,0x000000078c400000,0x0000000795500000)
 ParOldGen       total 6990848K, used 185257K [0x00000004c0000000, 0x000000066ab00000, 0x00000006c0000000)
  object space 6990848K, 2% used [0x00000004c0000000,0x00000004cb4ea720,0x000000066ab00000)
 Metaspace       used 95927K, capacity 98441K, committed 98576K, reserved 1136640K
  class space    used 11701K, capacity 12245K, committed 12304K, reserved 1048576K
}

