# JRE version: Java(TM) SE Runtime Environment (8.0_181-b13) (build 1.8.0_181-b13)
# Java VM: Java HotSpot(TM) 64-Bit Server VM (25.181-b13 mixed mode windows-amd64 compressed oops)
Heap:
 PSYoungGen      total 1641472K, used 1454720K [0x0000000715580000, 0x0000000786380000, 0x00000007c0000000)
  eden space 1485824K, 97% used [0x0000000715580000,0x000000076e2202d0,0x0000000770080000)
  from space 155648K, 0% used [0x000000077cb80000,0x000000077cb80000,0x0000000786380000)
  to   space 181760K, 0% used [0x0000000770080000,0x0000000770080000,0x000000077b200000)
 ParOldGen       total 2904576K, used 155783K [0x00000005c0000000, 0x0000000671480000, 0x0000000715580000)
  object space 2904576K, 5% used [0x00000005c0000000,0x00000005c9821ce0,0x0000000671480000)
 Metaspace       used 131179K, capacity 134309K, committed 134672K, reserved 1167360K
  class space    used 16725K, capacity 17374K, committed 17424K, reserved 1048576K
GC Heap History (10 events):
Event: 104.936 GC heap before
{Heap before GC invocations=10 (full 2):
 PSYoungGen      total 960000K, used 742825K [0x0000000715580000, 0x0000000771b00000, 0x00000007c0000000)
  eden space 815104K, 74% used [0x0000000715580000,0x000000073a3f3cb0,0x0000000747180000)
  from space 144896K, 95% used [0x0000000747180000,0x000000074f8769f0,0x000000074ff00000)
  to   space 167424K, 0% used [0x0000000767780000,0x0000000767780000,0x0000000771b00000)
 ParOldGen       total 1686528K, used 102815K [0x00000005c0000000, 0x0000000626f00000, 0x0000000715580000)
  object space 1686528K, 6% used [0x00000005c0000000,0x00000005c6467ee8,0x0000000626f00000)
 Metaspace       used 57698K, capacity 59099K, committed 59152K, reserved 1101824K
  class space    used 6202K, capacity 6668K, committed 6672K, reserved 1048576K
Event: 105.140 GC heap after
Heap after GC invocations=10 (full 2):
 PSYoungGen      total 1325568K, used 151803K [0x0000000715580000, 0x0000000776180000, 0x00000007c0000000)
  eden space 1158144K, 0% used [0x0000000715580000,0x0000000715580000,0x000000075c080000)
  from space 167424K, 90% used [0x0000000767780000,0x0000000770bbed58,0x0000000771b00000)
  to   space 187392K, 0% used [0x000000075c080000,0x000000075c080000,0x0000000767780000)
 ParOldGen       total 1686528K, used 102823K [0x00000005c0000000, 0x0000000626f00000, 0x0000000715580000)
  object space 1686528K, 6% used [0x00000005c0000000,0x00000005c6469ee8,0x0000000626f00000)
 Metaspace       used 57698K, capacity 59099K, committed 59152K, reserved 1101824K
  class space    used 6202K, capacity 6668K, committed 6672K, reserved 1048576K
}
Event: 105.140 GC heap before
{Heap before GC invocations=11 (full 3):
 PSYoungGen      total 1325568K, used 151803K [0x0000000715580000, 0x0000000776180000, 0x00000007c0000000)
  eden space 1158144K, 0% used [0x0000000715580000,0x0000000715580000,0x000000075c080000)
  from space 167424K, 90% used [0x0000000767780000,0x0000000770bbed58,0x0000000771b00000)
  to   space 187392K, 0% used [0x000000075c080000,0x000000075c080000,0x0000000767780000)
 ParOldGen       total 1686528K, used 102823K [0x00000005c0000000, 0x0000000626f00000, 0x0000000715580000)
  object space 1686528K, 6% used [0x00000005c0000000,0x00000005c6469ee8,0x0000000626f00000)
 Metaspace       used 57698K, capacity 59099K, committed 59152K, reserved 1101824K
  class space    used 6202K, capacity 6668K, committed 6672K, reserved 1048576K
Event: 105.746 GC heap after
Heap after GC invocations=11 (full 3):
 PSYoungGen      total 1325568K, used 0K [0x0000000715580000, 0x0000000776180000, 0x00000007c0000000)
  eden space 1158144K, 0% used [0x0000000715580000,0x0000000715580000,0x000000075c080000)
  from space 167424K, 0% used [0x0000000767780000,0x0000000767780000,0x0000000771b00000)
  to   space 187392K, 0% used [0x000000075c080000,0x000000075c080000,0x0000000767780000)
 ParOldGen       total 2220544K, used 131207K [0x00000005c0000000, 0x0000000647880000, 0x0000000715580000)
  object space 2220544K, 5% used [0x00000005c0000000,0x00000005c8021d78,0x0000000647880000)
 Metaspace       used 54014K, capacity 55095K, committed 59152K, reserved 1101824K
  class space    used 5727K, capacity 6060K, committed 6672K, reserved 1048576K
}
Event: 121.472 GC heap before
{Heap before GC invocations=12 (full 3):
 PSYoungGen      total 1325568K, used 1158144K [0x0000000715580000, 0x0000000776180000, 0x00000007c0000000)
  eden space 1158144K, 100% used [0x0000000715580000,0x000000075c080000,0x000000075c080000)
  from space 167424K, 0% used [0x0000000767780000,0x0000000767780000,0x0000000771b00000)
  to   space 187392K, 0% used [0x000000075c080000,0x000000075c080000,0x0000000767780000)
 ParOldGen       total 2220544K, used 131207K [0x00000005c0000000, 0x0000000647880000, 0x0000000715580000)
  object space 2220544K, 5% used [0x00000005c0000000,0x00000005c8021d78,0x0000000647880000)
 Metaspace       used 82409K, capacity 84313K, committed 84496K, reserved 1124352K
  class space    used 9652K, capacity 10137K, committed 10256K, reserved 1048576K
Event: 121.601 GC heap after
Heap after GC invocations=12 (full 3):
 PSYoungGen      total 1345536K, used 52212K [0x0000000715580000, 0x0000000787f00000, 0x00000007c0000000)
  eden space 1158144K, 0% used [0x0000000715580000,0x0000000715580000,0x000000075c080000)
  from space 187392K, 27% used [0x000000075c080000,0x000000075f37d3d0,0x0000000767780000)
  to   space 183808K, 0% used [0x000000077cb80000,0x000000077cb80000,0x0000000787f00000)
 ParOldGen       total 2220544K, used 131215K [0x00000005c0000000, 0x0000000647880000, 0x0000000715580000)
  object space 2220544K, 5% used [0x00000005c0000000,0x00000005c8023d78,0x0000000647880000)
 Metaspace       used 82409K, capacity 84313K, committed 84496K, reserved 1124352K
  class space    used 9652K, capacity 10137K, committed 10256K, reserved 1048576K
}
Event: 130.169 GC heap before
{Heap before GC invocations=13 (full 3):
 PSYoungGen      total 1345536K, used 637020K [0x0000000715580000, 0x0000000787f00000, 0x00000007c0000000)
  eden space 1158144K, 50% used [0x0000000715580000,0x0000000739099d70,0x000000075c080000)
  from space 187392K, 27% used [0x000000075c080000,0x000000075f37d3d0,0x0000000767780000)
  to   space 183808K, 0% used [0x000000077cb80000,0x000000077cb80000,0x0000000787f00000)
 ParOldGen       total 2220544K, used 131215K [0x00000005c0000000, 0x0000000647880000, 0x0000000715580000)
  object space 2220544K, 5% used [0x00000005c0000000,0x00000005c8023d78,0x0000000647880000)
 Metaspace       used 95865K, capacity 98249K, committed 98576K, reserved 1136640K
  class space    used 11698K, capacity 12245K, committed 12304K, reserved 1048576K
Event: 130.228 GC heap after
Heap after GC invocations=13 (full 3):
 PSYoungGen      total 1641472K, used 43647K [0x0000000715580000, 0x0000000786380000, 0x00000007c0000000)
  eden space 1485824K, 0% used [0x0000000715580000,0x0000000715580000,0x0000000770080000)
  from space 155648K, 28% used [0x000000077cb80000,0x000000077f61fff8,0x0000000786380000)
  to   space 181760K, 0% used [0x0000000770080000,0x0000000770080000,0x000000077b200000)
 ParOldGen       total 2220544K, used 131223K [0x00000005c0000000, 0x0000000647880000, 0x0000000715580000)
  object space 2220544K, 5% used [0x00000005c0000000,0x00000005c8025d78,0x0000000647880000)
 Metaspace       used 95865K, capacity 98249K, committed 98576K, reserved 1136640K
  class space    used 11698K, capacity 12245K, committed 12304K, reserved 1048576K
}
Event: 130.228 GC heap before
{Heap before GC invocations=14 (full 4):
 PSYoungGen      total 1641472K, used 43647K [0x0000000715580000, 0x0000000786380000, 0x00000007c0000000)
  eden space 1485824K, 0% used [0x0000000715580000,0x0000000715580000,0x0000000770080000)
  from space 155648K, 28% used [0x000000077cb80000,0x000000077f61fff8,0x0000000786380000)
  to   space 181760K, 0% used [0x0000000770080000,0x0000000770080000,0x000000077b200000)
 ParOldGen       total 2220544K, used 131223K [0x00000005c0000000, 0x0000000647880000, 0x0000000715580000)
  object space 2220544K, 5% used [0x00000005c0000000,0x00000005c8025d78,0x0000000647880000)
 Metaspace       used 95865K, capacity 98249K, committed 98576K, reserved 1136640K
  class space    used 11698K, capacity 12245K, committed 12304K, reserved 1048576K
Event: 130.618 GC heap after
Heap after GC invocations=14 (full 4):
 PSYoungGen      total 1641472K, used 0K [0x0000000715580000, 0x0000000786380000, 0x00000007c0000000)
  eden space 1485824K, 0% used [0x0000000715580000,0x0000000715580000,0x0000000770080000)
  from space 155648K, 0% used [0x000000077cb80000,0x000000077cb80000,0x0000000786380000)
  to   space 181760K, 0% used [0x0000000770080000,0x0000000770080000,0x000000077b200000)
 ParOldGen       total 2904576K, used 155783K [0x00000005c0000000, 0x0000000671480000, 0x0000000715580000)
  object space 2904576K, 5% used [0x00000005c0000000,0x00000005c9821ce0,0x0000000671480000)
 Metaspace       used 95865K, capacity 98249K, committed 98576K, reserved 1136640K
  class space    used 11698K, capacity 12245K, committed 12304K, reserved 1048576K
}

