# JRE version: Java(TM) SE Runtime Environment (8.0_181-b13) (build 1.8.0_181-b13)
# Java VM: Java HotSpot(TM) 64-Bit Server VM (25.181-b13 mixed mode windows-amd64 compressed oops)
Heap:
 PSYoungGen      total 3058176K, used 169824K [0x00000006c0000000, 0x00000007ae680000, 0x00000007c0000000)
  eden space 2621440K, 0% used [0x00000006c0000000,0x00000006c0000000,0x0000000760000000)
  from space 436736K, 38% used [0x0000000760000000,0x000000076a5d80a0,0x000000077aa80000)
  to   space 436736K, 0% used [0x000000077aa80000,0x000000077aa80000,0x0000000795500000)
 ParOldGen       total 6990848K, used 63201K [0x00000004c0000000, 0x000000066ab00000, 0x00000006c0000000)
  object space 6990848K, 0% used [0x00000004c0000000,0x00000004c3db84f0,0x000000066ab00000)
 Metaspace       used 51257K, capacity 52381K, committed 52496K, reserved 1095680K
  class space    used 5290K, capacity 5607K, committed 5648K, reserved 1048576K
GC Heap History (9 events):
Event: 10.381 GC heap before
{Heap before GC invocations=1 (full 0):
 PSYoungGen      total 3058176K, used 681575K [0x00000006c0000000, 0x0000000795500000, 0x00000007c0000000)
  eden space 2621440K, 26% used [0x00000006c0000000,0x00000006e9999cc0,0x0000000760000000)
  from space 436736K, 0% used [0x000000077aa80000,0x000000077aa80000,0x0000000795500000)
  to   space 436736K, 0% used [0x0000000760000000,0x0000000760000000,0x000000077aa80000)
 ParOldGen       total 6990848K, used 0K [0x00000004c0000000, 0x000000066ab00000, 0x00000006c0000000)
  object space 6990848K, 0% used [0x00000004c0000000,0x00000004c0000000,0x000000066ab00000)
 Metaspace       used 20776K, capacity 21138K, committed 21296K, reserved 1069056K
  class space    used 2447K, capacity 2617K, committed 2688K, reserved 1048576K
Event: 10.432 GC heap after
Heap after GC invocations=1 (full 0):
 PSYoungGen      total 3058176K, used 40031K [0x00000006c0000000, 0x0000000795500000, 0x00000007c0000000)
  eden space 2621440K, 0% used [0x00000006c0000000,0x00000006c0000000,0x0000000760000000)
  from space 436736K, 9% used [0x0000000760000000,0x0000000762717c90,0x000000077aa80000)
  to   space 436736K, 0% used [0x000000077aa80000,0x000000077aa80000,0x0000000795500000)
 ParOldGen       total 6990848K, used 24K [0x00000004c0000000, 0x000000066ab00000, 0x00000006c0000000)
  object space 6990848K, 0% used [0x00000004c0000000,0x00000004c0006000,0x000000066ab00000)
 Metaspace       used 20776K, capacity 21138K, committed 21296K, reserved 1069056K
  class space    used 2447K, capacity 2617K, committed 2688K, reserved 1048576K
}
Event: 10.432 GC heap before
{Heap before GC invocations=2 (full 1):
 PSYoungGen      total 3058176K, used 40031K [0x00000006c0000000, 0x0000000795500000, 0x00000007c0000000)
  eden space 2621440K, 0% used [0x00000006c0000000,0x00000006c0000000,0x0000000760000000)
  from space 436736K, 9% used [0x0000000760000000,0x0000000762717c90,0x000000077aa80000)
  to   space 436736K, 0% used [0x000000077aa80000,0x000000077aa80000,0x0000000795500000)
 ParOldGen       total 6990848K, used 24K [0x00000004c0000000, 0x000000066ab00000, 0x00000006c0000000)
  object space 6990848K, 0% used [0x00000004c0000000,0x00000004c0006000,0x000000066ab00000)
 Metaspace       used 20776K, capacity 21138K, committed 21296K, reserved 1069056K
  class space    used 2447K, capacity 2617K, committed 2688K, reserved 1048576K
Event: 10.675 GC heap after
Heap after GC invocations=2 (full 1):
 PSYoungGen      total 3058176K, used 0K [0x00000006c0000000, 0x0000000795500000, 0x00000007c0000000)
  eden space 2621440K, 0% used [0x00000006c0000000,0x00000006c0000000,0x0000000760000000)
  from space 436736K, 0% used [0x0000000760000000,0x0000000760000000,0x000000077aa80000)
  to   space 436736K, 0% used [0x000000077aa80000,0x000000077aa80000,0x0000000795500000)
 ParOldGen       total 6990848K, used 39301K [0x00000004c0000000, 0x000000066ab00000, 0x00000006c0000000)
  object space 6990848K, 0% used [0x00000004c0000000,0x00000004c2661618,0x000000066ab00000)
 Metaspace       used 20776K, capacity 21138K, committed 21296K, reserved 1069056K
  class space    used 2447K, capacity 2617K, committed 2688K, reserved 1048576K
}
Event: 21.532 GC heap before
{Heap before GC invocations=3 (full 1):
 PSYoungGen      total 3058176K, used 838861K [0x00000006c0000000, 0x0000000795500000, 0x00000007c0000000)
  eden space 2621440K, 32% used [0x00000006c0000000,0x00000006f3333610,0x0000000760000000)
  from space 436736K, 0% used [0x0000000760000000,0x0000000760000000,0x000000077aa80000)
  to   space 436736K, 0% used [0x000000077aa80000,0x000000077aa80000,0x0000000795500000)
 ParOldGen       total 6990848K, used 39301K [0x00000004c0000000, 0x000000066ab00000, 0x00000006c0000000)
  object space 6990848K, 0% used [0x00000004c0000000,0x00000004c2661618,0x000000066ab00000)
 Metaspace       used 34764K, capacity 35369K, committed 35496K, reserved 1081344K
  class space    used 3639K, capacity 3806K, committed 3856K, reserved 1048576K
Event: 21.588 GC heap after
Heap after GC invocations=3 (full 1):
 PSYoungGen      total 3058176K, used 36050K [0x00000006c0000000, 0x0000000795500000, 0x00000007c0000000)
  eden space 2621440K, 0% used [0x00000006c0000000,0x00000006c0000000,0x0000000760000000)
  from space 436736K, 8% used [0x000000077aa80000,0x000000077cdb49f8,0x0000000795500000)
  to   space 436736K, 0% used [0x0000000760000000,0x0000000760000000,0x000000077aa80000)
 ParOldGen       total 6990848K, used 39301K [0x00000004c0000000, 0x000000066ab00000, 0x00000006c0000000)
  object space 6990848K, 0% used [0x00000004c0000000,0x00000004c2661618,0x000000066ab00000)
 Metaspace       used 34764K, capacity 35369K, committed 35496K, reserved 1081344K
  class space    used 3639K, capacity 3806K, committed 3856K, reserved 1048576K
}
Event: 21.588 GC heap before
{Heap before GC invocations=4 (full 2):
 PSYoungGen      total 3058176K, used 36050K [0x00000006c0000000, 0x0000000795500000, 0x00000007c0000000)
  eden space 2621440K, 0% used [0x00000006c0000000,0x00000006c0000000,0x0000000760000000)
  from space 436736K, 8% used [0x000000077aa80000,0x000000077cdb49f8,0x0000000795500000)
  to   space 436736K, 0% used [0x0000000760000000,0x0000000760000000,0x000000077aa80000)
 ParOldGen       total 6990848K, used 39301K [0x00000004c0000000, 0x000000066ab00000, 0x00000006c0000000)
  object space 6990848K, 0% used [0x00000004c0000000,0x00000004c2661618,0x000000066ab00000)
 Metaspace       used 34764K, capacity 35369K, committed 35496K, reserved 1081344K
  class space    used 3639K, capacity 3806K, committed 3856K, reserved 1048576K
Event: 21.865 GC heap after
Heap after GC invocations=4 (full 2):
 PSYoungGen      total 3058176K, used 0K [0x00000006c0000000, 0x0000000795500000, 0x00000007c0000000)
  eden space 2621440K, 0% used [0x00000006c0000000,0x00000006c0000000,0x0000000760000000)
  from space 436736K, 0% used [0x000000077aa80000,0x000000077aa80000,0x0000000795500000)
  to   space 436736K, 0% used [0x0000000760000000,0x0000000760000000,0x000000077aa80000)
 ParOldGen       total 6990848K, used 63177K [0x00000004c0000000, 0x000000066ab00000, 0x00000006c0000000)
  object space 6990848K, 0% used [0x00000004c0000000,0x00000004c3db24f0,0x000000066ab00000)
 Metaspace       used 34764K, capacity 35369K, committed 35496K, reserved 1081344K
  class space    used 3639K, capacity 3806K, committed 3856K, reserved 1048576K
}
Event: 101.468 GC heap before
{Heap before GC invocations=5 (full 2):
 PSYoungGen      total 3058176K, used 2621440K [0x00000006c0000000, 0x0000000795500000, 0x00000007c0000000)
  eden space 2621440K, 100% used [0x00000006c0000000,0x0000000760000000,0x0000000760000000)
  from space 436736K, 0% used [0x000000077aa80000,0x000000077aa80000,0x0000000795500000)
  to   space 436736K, 0% used [0x0000000760000000,0x0000000760000000,0x000000077aa80000)
 ParOldGen       total 6990848K, used 63177K [0x00000004c0000000, 0x000000066ab00000, 0x00000006c0000000)
  object space 6990848K, 0% used [0x00000004c0000000,0x00000004c3db24f0,0x000000066ab00000)
 Metaspace       used 51257K, capacity 52381K, committed 52496K, reserved 1095680K
  class space    used 5290K, capacity 5607K, committed 5648K, reserved 1048576K

